This is pdfTeX, Version 3.141592653-2.6-1.40.25 (MiKTeX 24.1) (preloaded format=pdflatex 2025.2.18)  21 FEB 2025 14:24
entering extended mode
 restricted \write18 enabled.
 %&-line parsing enabled.
**\documentclass[a4paper]{article}

*\usepackage[utf8]{inputenc}
(C:\Users\Admin\AppData\Local\Programs\MiKTeX\tex/latex/base\article.cls
Document Class: article 2023/05/17 v1.4n Standard LaTeX document class
(C:\Users\Admin\AppData\Local\Programs\MiKTeX\tex/latex/base\size10.clo
File: size10.clo 2023/05/17 v1.4n Standard LaTeX file (size option)
)
\c@part=\count187
\c@section=\count188
\c@subsection=\count189
\c@subsubsection=\count190
\c@paragraph=\count191
\c@subparagraph=\count192
\c@figure=\count193
\c@table=\count194
\abovecaptionskip=\skip48
\belowcaptionskip=\skip49
\bibindent=\dimen140
)
*\author{John Doe}
(C:\Users\Admin\AppData\Local\Programs\MiKTeX\tex/latex/base\inputenc.sty
Package: inputenc 2021/02/14 v1.3d Input encoding file
\inpenc@prehook=\toks17
\inpenc@posthook=\toks18
)
*\date{\today}

*
(Please type a command or say `\end')
*\begin{document}

(C:\Users\Admin\AppData\Local\Programs\MiKTeX\tex/latex/l3backend\l3backend-pdf
tex.def
File: l3backend-pdftex.def 2024-01-04 L3 backend support: PDF output (pdfTeX)
\l__color_backend_stack_int=\count195
\l__pdf_internal_box=\box51
)
No file texput.aux.
\openout1 = `texput.aux'.

LaTeX Font Info:    Checking defaults for OML/cmm/m/it on input line 0.
LaTeX Font Info:    ... okay on input line 0.
LaTeX Font Info:    Checking defaults for OMS/cmsy/m/n on input line 0.
LaTeX Font Info:    ... okay on input line 0.
LaTeX Font Info:    Checking defaults for OT1/cmr/m/n on input line 0.
LaTeX Font Info:    ... okay on input line 0.
LaTeX Font Info:    Checking defaults for T1/cmr/m/n on input line 0.
LaTeX Font Info:    ... okay on input line 0.
LaTeX Font Info:    Checking defaults for TS1/cmr/m/n on input line 0.
LaTeX Font Info:    ... okay on input line 0.
LaTeX Font Info:    Checking defaults for OMX/cmex/m/n on input line 0.
LaTeX Font Info:    ... okay on input line 0.
LaTeX Font Info:    Checking defaults for U/cmr/m/n on input line 0.
LaTeX Font Info:    ... okay on input line 0.

*\maketitle

! LaTeX Error: No \title given.

See the LaTeX manual or LaTeX Companion for explanation.
Type  H <return>  for immediate help.
 ...                                              
                                                  
<*> \maketitle
               
Here is how much of TeX's memory you used:
 450 strings out of 474486
 8961 string characters out of 5743755
 1924542 words of memory out of 5000000
 22822 multiletter control sequences out of 15000+600000
 558368 words of font info for 37 fonts, out of 8000000 for 9000
 1141 hyphenation exceptions out of 8191
 34i,1n,50p,141b,130s stack positions out of 10000i,1000n,20000p,200000b,200000s

!  ==> Fatal error occurred, no output PDF file produced!
